\BOOKMARK [1][-]{section.1}{\376\377\000I\000n\000t\000r\000o\000d\000u\000c\000t\000i\000o\000n}{}% 1
\BOOKMARK [2][-]{subsection.1.1}{\376\377\000D\000\351\000f\000i\000n\000i\000t\000i\000o\000n\000\040\000d\000u\000\040\000p\000h\000\351\000n\000o\000m\000\350\000n\000e\000\040\000H\000R\000S\000/\000I\000R\000R}{section.1}% 2
\BOOKMARK [2][-]{subsection.1.2}{\376\377\000P\000l\000a\000g\000e\000s\000\040\000d\000e\000\040\000d\000o\000s\000e\000s\000\040\000c\000a\000r\000a\000c\000t\000\351\000r\000i\000s\000t\000i\000q\000u\000e\000s}{section.1}% 3
\BOOKMARK [2][-]{subsection.1.3}{\376\377\000H\000i\000s\000t\000o\000r\000i\000q\000u\000e\000\040\000d\000e\000s\000\040\000d\000\351\000c\000o\000u\000v\000e\000r\000t\000e\000s}{section.1}% 4
\BOOKMARK [1][-]{section.2}{\376\377\000M\000\351\000c\000a\000n\000i\000s\000m\000e\000s\000\040\000M\000o\000l\000\351\000c\000u\000l\000a\000i\000r\000e\000s\000\040\000E\000x\000p\000l\000i\000q\000u\000a\000n\000t\000\040\000l\000'\000H\000R\000S}{}% 5
\BOOKMARK [2][-]{subsection.2.1}{\376\377\000L\000e\000\040\000m\000o\000d\000\350\000l\000e\000\040\000c\000e\000n\000t\000r\000\351\000\040\000s\000u\000r\000\040\000l\000a\000\040\000p\000h\000a\000s\000e\000\040\000G\0002}{section.2}% 6
\BOOKMARK [2][-]{subsection.2.2}{\376\377\000L\000e\000\040\000c\000h\000e\000c\000k\000p\000o\000i\000n\000t\000\040\000G\0002\000/\000M\000\040\000p\000r\000\351\000c\000o\000c\000e\000\040\000e\000t\000\040\000l\000e\000\040\000s\000e\000u\000i\000l\000\040\000d\000'\000a\000c\000t\000i\000v\000a\000t\000i\000o\000n\000\040\000A\000T\000M}{section.2}% 7
\BOOKMARK [3][-]{subsubsection.2.2.1}{\376\377\000C\000h\000e\000c\000k\000p\000o\000i\000n\000t\000\040\000G\0002\000\040\000p\000r\000\351\000c\000o\000c\000e\000\040\000\050\000A\000T\000M\000-\000d\000\351\000p\000e\000n\000d\000a\000n\000t\000\051}{subsection.2.2}% 8
\BOOKMARK [3][-]{subsubsection.2.2.2}{\376\377\000A\000c\000c\000u\000m\000u\000l\000a\000t\000i\000o\000n\000\040\000G\0002\000/\000M\000\040\000\050\000A\000T\000M\000-\000i\000n\000d\000\351\000p\000e\000n\000d\000a\000n\000t\000e\000\051}{subsection.2.2}% 9
\BOOKMARK [2][-]{subsection.2.3}{\376\377\000S\000e\000u\000i\000l\000\040\000d\000'\000a\000c\000t\000i\000v\000a\000t\000i\000o\000n\000\040\000A\000T\000M\000\040\000:\000\040\000l\000e\000\040\000n\001\123\000u\000d\000\040\000d\000u\000\040\000p\000r\000o\000b\000l\000\350\000m\000e}{section.2}% 10
\BOOKMARK [2][-]{subsection.2.4}{\376\377\000C\000a\000s\000c\000a\000d\000e\000\040\000d\000e\000\040\000s\000i\000g\000n\000a\000l\000i\000s\000a\000t\000i\000o\000n\000\040\000e\000t\000\040\000r\000\351\000p\000a\000r\000a\000t\000i\000o\000n\000\040\000d\000e\000\040\000l\000'\000A\000D\000N}{section.2}% 11
\BOOKMARK [3][-]{subsubsection.2.4.1}{\376\377\000V\000o\000i\000e\000\040\000d\000e\000\040\000s\000i\000g\000n\000a\000l\000i\000s\000a\000t\000i\000o\000n}{subsection.2.4}% 12
\BOOKMARK [3][-]{subsubsection.2.4.2}{\376\377\000R\000\351\000p\000a\000r\000a\000t\000i\000o\000n\000\040\000d\000e\000s\000\040\000D\000S\000B}{subsection.2.4}% 13
\BOOKMARK [2][-]{subsection.2.5}{\376\377\000R\000\364\000l\000e\000\040\000d\000e\000\040\000l\000'\000a\000p\000o\000p\000t\000o\000s\000e}{section.2}% 14
\BOOKMARK [2][-]{subsection.2.6}{\376\377\000S\000y\000n\000t\000h\000\350\000s\000e\000\040\000d\000u\000\040\000m\000o\000d\000\350\000l\000e\000\040\000m\000\351\000c\000a\000n\000i\000s\000t\000i\000q\000u\000e\000\040\000a\000c\000t\000u\000e\000l}{section.2}% 15
\BOOKMARK [2][-]{subsection.2.7}{\376\377\000\311\000t\000u\000d\000e\000s\000\040\000f\000o\000n\000d\000a\000t\000r\000i\000c\000e\000s}{section.2}% 16
\BOOKMARK [2][-]{subsection.2.8}{\376\377\000P\000r\000e\000m\000i\000\350\000r\000e\000s\000\040\000\351\000t\000u\000d\000e\000s\000\040\000i\000n\000\040\000v\000i\000t\000r\000o\000\040\000s\000u\000r\000\040\000l\000i\000g\000n\000\351\000e\000s\000\040\000c\000e\000l\000l\000u\000l\000a\000i\000r\000e\000s\000\040\000\050\0001\0009\0009\0003\040\023\0001\0009\0009\0007\000\051}{section.2}% 17
\BOOKMARK [2][-]{subsection.2.9}{\376\377\000E\000t\000u\000d\000e\000s\000\040\000s\000u\000r\000\040\000l\000i\000g\000n\000e\000e\000s\000\040\000s\000p\000e\000c\000i\000f\000i\000q\000u\000e\000s\000\040\000\050\0001\0009\0009\0009\040\023\0002\0000\0000\0004\000\051}{section.2}% 18
\BOOKMARK [1][-]{appendix.A}{\376\377\000b\000l\000u\000e\000J\000o\000i\000n\000e\000r\000\040\000M\000C\000,\000\040\000J\000o\000h\000n\000s\000\040\000H\000\040\000\050\0001\0009\0008\0008\000\051\000b\000l\000a\000c\000k}{}% 19
\BOOKMARK [1][-]{appendix.B}{\376\377\000b\000l\000u\000e\000M\000a\000r\000p\000l\000e\000s\000\040\000B\000,\000\040\000J\000o\000i\000n\000e\000r\000\040\000M\000C\000\040\000\050\0001\0009\0009\0003\000\051\000b\000l\000a\000c\000k}{}% 20
\BOOKMARK [1][-]{appendix.C}{\376\377\000b\000l\000u\000e\000P\000\040\000L\000a\000m\000b\000i\000n\000,\000\040\000B\000\040\000M\000a\000r\000p\000l\000e\000s\000,\000\040\000B\000\040\000F\000e\000r\000t\000i\000l\000,\000\040\000E\000\040\000P\000\040\000M\000a\000l\000a\000i\000s\000e\000,\000\040\000M\000\040\000C\000\040\000J\000o\000i\000n\000e\000r\000\040\000\050\0001\0009\0009\0003\000\051\000b\000l\000a\000c\000k}{}% 21
\BOOKMARK [1][-]{appendix.D}{\376\377\000b\000l\000u\000e\000E\000\040\000P\000\040\000M\000a\000l\000a\000i\000s\000e\000,\000\040\000P\000\040\000L\000a\000m\000b\000i\000n\000,\000\040\000M\000\040\000C\000\040\000J\000o\000i\000n\000e\000r\000\040\000\050\0001\0009\0009\0004\000\051\000b\000l\000a\000c\000k}{}% 22
\BOOKMARK [1][-]{appendix.E}{\376\377\000b\000l\000u\000e\000P\000.\000\040\000L\000a\000m\000b\000i\000n\000,\000\040\000B\000.\000\040\000F\000e\000r\000t\000i\000l\000,\000\040\000E\000.\000\040\000P\000.\000\040\000M\000a\000l\000a\000i\000s\000e\000,\000\040\000M\000.\000\040\000C\000.\000\040\000J\000o\000i\000n\000e\000r\000\040\000\050\0001\0009\0009\0004\000\051\000b\000l\000a\000c\000k}{}% 23
\BOOKMARK [1][-]{appendix.F}{\376\377\000b\000l\000u\000e\000B\000\040\000G\000\040\000W\000o\000u\000t\000e\000r\000s\000\040\000,\000\040\000L\000\040\000D\000\040\000S\000k\000a\000r\000s\000g\000a\000r\000d\000\040\000\050\0001\0009\0009\0004\000\051\000b\000l\000a\000c\000k}{}% 24
\BOOKMARK [1][-]{appendix.G}{\376\377\000b\000l\000u\000e\000M\000a\000r\000p\000l\000e\000s\000\040\000B\000,\000\040\000A\000d\000o\000m\000a\000t\000\040\000H\000,\000\040\000K\000o\000c\000h\000\040\000C\000J\000,\000\040\000S\000k\000o\000v\000\040\000K\000A\000\040\000\050\0001\0009\0009\0006\000\051\000b\000l\000a\000c\000k}{}% 25
\BOOKMARK [1][-]{appendix.H}{\376\377\000b\000l\000u\000e\000B\000\040\000G\000\040\000W\000o\000u\000t\000e\000r\000s\000,\000\040\000A\000\040\000M\000\040\000S\000y\000,\000\040\000L\000\040\000D\000\040\000S\000k\000a\000r\000s\000g\000a\000r\000d\000\040\000\050\0001\0009\0009\0006\000\051\000b\000l\000a\000c\000k}{}% 26
\BOOKMARK [1][-]{appendix.I}{\376\377\000b\000l\000u\000e\000L\000\040\000D\000\040\000S\000k\000a\000r\000s\000g\000a\000r\000d\000,\000\040\000M\000\040\000W\000\040\000S\000k\000w\000a\000r\000c\000h\000u\000k\000,\000\040\000B\000\040\000G\000\040\000W\000o\000u\000t\000e\000r\000s\000,\000\040\000R\000\040\000E\000\040\000D\000u\000r\000a\000n\000d\000\040\000\050\0001\0009\0009\0006\000\051\000b\000l\000a\000c\000k}{}% 27
\BOOKMARK [1][-]{appendix.J}{\376\377\000b\000l\000u\000e\000L\000\040\000D\000\040\000S\000k\000a\000r\000s\000g\000a\000r\000d\000,\000\040\000M\000\040\000W\000\040\000S\000k\000w\000a\000r\000c\000h\000u\000k\000,\000\040\000B\000\040\000G\000\040\000W\000o\000u\000t\000e\000r\000s\000,\000\040\000R\000\040\000E\000\040\000D\000u\000r\000a\000n\000d\000\040\000\050\0001\0009\0009\0006\000\051\000b\000l\000a\000c\000k}{}% 28
