This is pdfTeX, Version 3.141592653-2.6-1.40.27 (MiKTeX 25.4) (preloaded format=pdflatex 2025.12.8)  15 DEC 2025 18:05
entering extended mode
 restricted \write18 enabled.
 %&-line parsing enabled.
**"./Rapport HRS.tex"
(Rapport HRS.tex
LaTeX2e <2025-11-01>
L3 programming layer <2025-11-06>

(C:\Users\Gérard Montarou\AppData\Local\Programs\MiKTeX\tex/latex/base\article
.cls
Document Class: article 2025/01/22 v1.4n Standard LaTeX document class

(C:\Users\Gérard Montarou\AppData\Local\Programs\MiKTeX\tex/latex/base\size11.
clo
File: size11.clo 2025/01/22 v1.4n Standard LaTeX file (size option)
)
\c@part=\count275
\c@section=\count276
\c@subsection=\count277
\c@subsubsection=\count278
\c@paragraph=\count279
\c@subparagraph=\count280
\c@figure=\count281
\c@table=\count282
\abovecaptionskip=\skip49
\belowcaptionskip=\skip50
\bibindent=\dimen148
)
(C:\Users\Gérard Montarou\AppData\Local\Programs\MiKTeX\tex/generic/babel\babe
l.sty
Package: babel 2025/11/09 v25.15 The multilingual framework for LuaLaTeX, pdfLa
TeX and XeLaTeX
\babel@savecnt=\count283
LaTeX Encoding Info:    Redeclaring text command \ij (encoding OT1) on input li
ne 2050.
LaTeX Encoding Info:    Redeclaring text command \IJ (encoding OT1) on input li
ne 2052.
LaTeX Encoding Info:    Redeclaring text command \ij (encoding T1) on input lin
e 2054.
LaTeX Encoding Info:    Redeclaring text command \IJ (encoding T1) on input lin
e 2055.
LaTeX Encoding Info:    Ignoring declaration for text command \ij (encoding ?) 
on input line 2056.
LaTeX Encoding Info:    Ignoring declaration for text command \IJ (encoding ?) 
on input line 2058.
LaTeX Encoding Info:    Ignoring declaration for text command \SS (encoding ?) 
on input line 2083.
\U@D=\dimen149
\l@unhyphenated=\language79

(C:\Users\Gérard Montarou\AppData\Local\Programs\MiKTeX\tex/generic/babel\txtb
abel.def)
\bbl@readstream=\read2
\bbl@dirlevel=\count284
Package babel Info: Configuration files are deprecated, as
(babel)             they can break document portability.
(babel)             Reported on input line 4175.

*************************************
* Local config file bblopts.cfg used
*

(C:\Users\Gérard Montarou\AppData\Local\Programs\MiKTeX\tex/latex/arabi\bblopt
s.cfg
File: bblopts.cfg 2005/09/08 v0.1 add Arabic and Farsi to "declared" options of
 babel
)
(C:\Users\Gérard Montarou\AppData\Local\Programs\MiKTeX\tex/generic/babel/loca
le/fr\babel-french.tex)
Package babel Info: Importing font and identification data for french
(babel)             from babel-fr.ini. Reported on input line 4298.

(C:\Users\Gérard Montarou\AppData\Local\Programs\MiKTeX\tex/generic/babel-fren
ch\french.ldf
Language: french 2025-08-15 v4.0e French support from the babel system

(C:\Users\Gérard Montarou\AppData\Local\Programs\MiKTeX\tex/generic/babel-fren
ch\french3.ldf
Language: french 2025-08-15 v3.7e French support from the babel system
\FB@stdchar=\count285
Package babel Info: Making : an active character on input line 273.
Package babel Info: Making ; an active character on input line 274.
Package babel Info: Making ! an active character on input line 275.
Package babel Info: Making ? an active character on input line 276.
\FBguill@level=\count286
\FBold@everypar=\toks17
\FB@Mht=\dimen150
\mc@charclass=\count287
\mc@charfam=\count288
\mc@charslot=\count289
\std@mcc=\count290
\dec@mcc=\count291
\FB@pardim=\dimen151
\listindentFB=\dimen152
\descindentFB=\dimen153
\labelindentFB=\dimen154
\labelwidthFB=\dimen155
\leftmarginFB=\dimen156
\parindentFFN=\dimen157
\FBfnindent=\dimen158
)))
(C:\Users\Gérard Montarou\AppData\Local\Programs\MiKTeX\tex/latex/carlisle\sca
lefnt.sty)
(C:\Users\Gérard Montarou\AppData\Local\Programs\MiKTeX\tex/latex/base\fontenc
.sty
Package: fontenc 2025/07/18 v2.1d Standard LaTeX package
)
(C:\Users\Gérard Montarou\AppData\Local\Programs\MiKTeX\tex/latex/geometry\geo
metry.sty
Package: geometry 2020/01/02 v5.9 Page Geometry

(C:\Users\Gérard Montarou\AppData\Local\Programs\MiKTeX\tex/latex/graphics\key
val.sty
Package: keyval 2022/05/29 v1.15 key=value parser (DPC)
\KV@toks@=\toks18
)
(C:\Users\Gérard Montarou\AppData\Local\Programs\MiKTeX\tex/generic/iftex\ifvt
ex.sty
Package: ifvtex 2019/10/25 v1.7 ifvtex legacy package. Use iftex instead.

(C:\Users\Gérard Montarou\AppData\Local\Programs\MiKTeX\tex/generic/iftex\ifte
x.sty
Package: iftex 2024/12/12 v1.0g TeX engine tests
))
\Gm@cnth=\count292
\Gm@cntv=\count293
\c@Gm@tempcnt=\count294
\Gm@bindingoffset=\dimen159
\Gm@wd@mp=\dimen160
\Gm@odd@mp=\dimen161
\Gm@even@mp=\dimen162
\Gm@layoutwidth=\dimen163
\Gm@layoutheight=\dimen164
\Gm@layouthoffset=\dimen165
\Gm@layoutvoffset=\dimen166
\Gm@dimlist=\toks19

(C:\Users\Gérard Montarou\AppData\Local\Programs\MiKTeX\tex/latex/geometry\geo
metry.cfg))
(C:\Users\Gérard Montarou\AppData\Local\Programs\MiKTeX\tex/latex/setspace\set
space.sty
Package: setspace 2022/12/04 v6.7b set line spacing
)
(C:\Users\Gérard Montarou\AppData\Local\Programs\MiKTeX\tex/latex/lm\lmodern.s
ty
Package: lmodern 2015/05/01 v1.6.1 Latin Modern Fonts
LaTeX Font Info:    Overwriting symbol font `operators' in version `normal'
(Font)                  OT1/cmr/m/n --> OT1/lmr/m/n on input line 22.
LaTeX Font Info:    Overwriting symbol font `letters' in version `normal'
(Font)                  OML/cmm/m/it --> OML/lmm/m/it on input line 23.
LaTeX Font Info:    Overwriting symbol font `symbols' in version `normal'
(Font)                  OMS/cmsy/m/n --> OMS/lmsy/m/n on input line 24.
LaTeX Font Info:    Overwriting symbol font `largesymbols' in version `normal'
(Font)                  OMX/cmex/m/n --> OMX/lmex/m/n on input line 25.
LaTeX Font Info:    Overwriting symbol font `operators' in version `bold'
(Font)                  OT1/cmr/bx/n --> OT1/lmr/bx/n on input line 26.
LaTeX Font Info:    Overwriting symbol font `letters' in version `bold'
(Font)                  OML/cmm/b/it --> OML/lmm/b/it on input line 27.
LaTeX Font Info:    Overwriting symbol font `symbols' in version `bold'
(Font)                  OMS/cmsy/b/n --> OMS/lmsy/b/n on input line 28.
LaTeX Font Info:    Overwriting symbol font `largesymbols' in version `bold'
(Font)                  OMX/cmex/m/n --> OMX/lmex/m/n on input line 29.
LaTeX Font Info:    Overwriting math alphabet `\mathbf' in version `normal'
(Font)                  OT1/cmr/bx/n --> OT1/lmr/bx/n on input line 31.
LaTeX Font Info:    Overwriting math alphabet `\mathsf' in version `normal'
(Font)                  OT1/cmss/m/n --> OT1/lmss/m/n on input line 32.
LaTeX Font Info:    Overwriting math alphabet `\mathit' in version `normal'
(Font)                  OT1/cmr/m/it --> OT1/lmr/m/it on input line 33.
LaTeX Font Info:    Overwriting math alphabet `\mathtt' in version `normal'
(Font)                  OT1/cmtt/m/n --> OT1/lmtt/m/n on input line 34.
LaTeX Font Info:    Overwriting math alphabet `\mathbf' in version `bold'
(Font)                  OT1/cmr/bx/n --> OT1/lmr/bx/n on input line 35.
LaTeX Font Info:    Overwriting math alphabet `\mathsf' in version `bold'
(Font)                  OT1/cmss/bx/n --> OT1/lmss/bx/n on input line 36.
LaTeX Font Info:    Overwriting math alphabet `\mathit' in version `bold'
(Font)                  OT1/cmr/bx/it --> OT1/lmr/bx/it on input line 37.
LaTeX Font Info:    Overwriting math alphabet `\mathtt' in version `bold'
(Font)                  OT1/cmtt/m/n --> OT1/lmtt/m/n on input line 38.
)
(C:\Users\Gérard Montarou\AppData\Local\Programs\MiKTeX\tex/latex/graphics\gra
phicx.sty
Package: graphicx 2024/12/31 v1.2e Enhanced LaTeX Graphics (DPC,SPQR)

(C:\Users\Gérard Montarou\AppData\Local\Programs\MiKTeX\tex/latex/graphics\gra
phics.sty
Package: graphics 2024/08/06 v1.4g Standard LaTeX Graphics (DPC,SPQR)

(C:\Users\Gérard Montarou\AppData\Local\Programs\MiKTeX\tex/latex/graphics\tri
g.sty
Package: trig 2023/12/02 v1.11 sin cos tan (DPC)
)
(C:\Users\Gérard Montarou\AppData\Local\Programs\MiKTeX\tex/latex/graphics-cfg
\graphics.cfg
File: graphics.cfg 2016/06/04 v1.11 sample graphics configuration
)
Package graphics Info: Driver file: pdftex.def on input line 106.

(C:\Users\Gérard Montarou\AppData\Local\Programs\MiKTeX\tex/latex/graphics-def
\pdftex.def
File: pdftex.def 2025/09/29 v1.2d Graphics/color driver for pdftex
))
\Gin@req@height=\dimen167
\Gin@req@width=\dimen168
)
(C:\Users\Gérard Montarou\AppData\Local\Programs\MiKTeX\tex/latex/amsmath\amsm
ath.sty
Package: amsmath 2025/07/09 v2.17z AMS math features
\@mathmargin=\skip51

For additional information on amsmath, use the `?' option.

(C:\Users\Gérard Montarou\AppData\Local\Programs\MiKTeX\tex/latex/amsmath\amst
ext.sty
Package: amstext 2024/11/17 v2.01 AMS text

(C:\Users\Gérard Montarou\AppData\Local\Programs\MiKTeX\tex/latex/amsmath\amsg
en.sty
File: amsgen.sty 1999/11/30 v2.0 generic functions
\@emptytoks=\toks20
\ex@=\dimen169
))
(C:\Users\Gérard Montarou\AppData\Local\Programs\MiKTeX\tex/latex/amsmath\amsb
sy.sty
Package: amsbsy 1999/11/29 v1.2d Bold Symbols
\pmbraise@=\dimen170
)
(C:\Users\Gérard Montarou\AppData\Local\Programs\MiKTeX\tex/latex/amsmath\amso
pn.sty
Package: amsopn 2022/04/08 v2.04 operator names
)
\inf@bad=\count295
LaTeX Info: Redefining \frac on input line 233.
\uproot@=\count296
\leftroot@=\count297
LaTeX Info: Redefining \overline on input line 398.
LaTeX Info: Redefining \colon on input line 409.
\classnum@=\count298
\DOTSCASE@=\count299
LaTeX Info: Redefining \ldots on input line 495.
LaTeX Info: Redefining \dots on input line 498.
LaTeX Info: Redefining \cdots on input line 619.
\Mathstrutbox@=\box53
\strutbox@=\box54
LaTeX Info: Redefining \big on input line 721.
LaTeX Info: Redefining \Big on input line 722.
LaTeX Info: Redefining \bigg on input line 723.
LaTeX Info: Redefining \Bigg on input line 724.
\big@size=\dimen171
LaTeX Font Info:    Redeclaring font encoding OML on input line 742.
LaTeX Font Info:    Redeclaring font encoding OMS on input line 743.
\macc@depth=\count300
LaTeX Info: Redefining \bmod on input line 904.
LaTeX Info: Redefining \pmod on input line 909.
LaTeX Info: Redefining \smash on input line 939.
LaTeX Info: Redefining \relbar on input line 969.
LaTeX Info: Redefining \Relbar on input line 970.
\c@MaxMatrixCols=\count301
\dotsspace@=\muskip17
\c@parentequation=\count302
\dspbrk@lvl=\count303
\tag@help=\toks21
\row@=\count304
\column@=\count305
\maxfields@=\count306
\andhelp@=\toks22
\eqnshift@=\dimen172
\alignsep@=\dimen173
\tagshift@=\dimen174
\tagwidth@=\dimen175
\totwidth@=\dimen176
\lineht@=\dimen177
\@envbody=\toks23
\multlinegap=\skip52
\multlinetaggap=\skip53
\mathdisplay@stack=\toks24
LaTeX Info: Redefining \[ on input line 2950.
LaTeX Info: Redefining \] on input line 2951.
)
(C:\Users\Gérard Montarou\AppData\Local\Programs\MiKTeX\tex/latex/amsfonts\ams
symb.sty
Package: amssymb 2013/01/14 v3.01 AMS font symbols

(C:\Users\Gérard Montarou\AppData\Local\Programs\MiKTeX\tex/latex/amsfonts\ams
fonts.sty
Package: amsfonts 2013/01/14 v3.01 Basic AMSFonts support
\symAMSa=\mathgroup4
\symAMSb=\mathgroup5
LaTeX Font Info:    Redeclaring math symbol \hbar on input line 98.
LaTeX Font Info:    Overwriting math alphabet `\mathfrak' in version `bold'
(Font)                  U/euf/m/n --> U/euf/b/n on input line 106.
))
(C:\Users\Gérard Montarou\AppData\Local\Programs\MiKTeX\tex/latex/siunitx\siun
itx.sty
Package: siunitx 2025-07-09 v3.4.14 A comprehensive (SI) units package
\l__siunitx_number_uncert_offset_int=\count307
\l__siunitx_number_exponent_fixed_int=\count308
\l__siunitx_number_min_decimal_int=\count309
\l__siunitx_number_min_integer_int=\count310
\l__siunitx_number_round_precision_int=\count311
\l__siunitx_number_lower_threshold_int=\count312
\l__siunitx_number_upper_threshold_int=\count313
\l__siunitx_number_group_first_int=\count314
\l__siunitx_number_group_size_int=\count315
\l__siunitx_number_group_minimum_int=\count316
\l__siunitx_angle_tmp_dim=\dimen178
\l__siunitx_angle_marker_box=\box55
\l__siunitx_angle_unit_box=\box56
\l__siunitx_compound_count_int=\count317

(C:\Users\Gérard Montarou\AppData\Local\Programs\MiKTeX\tex/latex/translations
\translations.sty
Package: translations 2022/02/05 v1.12 internationalization of LaTeX2e packages
 (CN)

(C:\Users\Gérard Montarou\AppData\Local\Programs\MiKTeX\tex/latex/etoolbox\eto
olbox.sty
Package: etoolbox 2025/10/02 v2.5m e-TeX tools for LaTeX (JAW)
\etb@tempcnta=\count318
)
(C:\Users\Gérard Montarou\AppData\Local\Programs\MiKTeX\tex/generic/pdftexcmds
\pdftexcmds.sty
Package: pdftexcmds 2020-06-27 v0.33 Utility functions of pdfTeX for LuaTeX (HO
)

(C:\Users\Gérard Montarou\AppData\Local\Programs\MiKTeX\tex/generic/infwarerr\
infwarerr.sty
Package: infwarerr 2019/12/03 v1.5 Providing info/warning/error messages (HO)
)
(C:\Users\Gérard Montarou\AppData\Local\Programs\MiKTeX\tex/generic/ltxcmds\lt
xcmds.sty
Package: ltxcmds 2023-12-04 v1.26 LaTeX kernel commands for general use (HO)
)
Package pdftexcmds Info: \pdf@primitive is available.
Package pdftexcmds Info: \pdf@ifprimitive is available.
Package pdftexcmds Info: \pdfdraftmode found.
))
\l__siunitx_table_tmp_box=\box57
\l__siunitx_table_tmp_dim=\dimen179
\l__siunitx_table_column_width_dim=\dimen180
\l__siunitx_table_integer_box=\box58
\l__siunitx_table_decimal_box=\box59
\l__siunitx_table_uncert_box=\box60
\l__siunitx_table_before_box=\box61
\l__siunitx_table_after_box=\box62
\l__siunitx_table_before_dim=\dimen181
\l__siunitx_table_carry_dim=\dimen182
\l__siunitx_unit_tmp_int=\count319
\l__siunitx_unit_position_int=\count320
\l__siunitx_unit_total_int=\count321

(C:\Users\Gérard Montarou\AppData\Local\Programs\MiKTeX\tex/latex/tools\array.
sty
Package: array 2025/09/25 v2.6n Tabular extension package (FMi)
\col@sep=\dimen183
\ar@mcellbox=\box63
\extrarowheight=\dimen184
\NC@list=\toks25
\extratabsurround=\skip54
\backup@length=\skip55
\ar@cellbox=\box64
))
(C:\Users\Gérard Montarou\AppData\Local\Programs\MiKTeX\tex/latex/multirow\mul
tirow.sty
Package: multirow 2024/11/12 v2.9 Span multiple rows of a table
\multirow@colwidth=\skip56
\multirow@cntb=\count322
\multirow@dima=\skip57
\bigstrutjot=\dimen185
)
(C:\Users\Gérard Montarou\AppData\Local\Programs\MiKTeX\tex/latex/booktabs\boo
ktabs.sty
Package: booktabs 2020/01/12 v1.61803398 Publication quality tables
\heavyrulewidth=\dimen186
\lightrulewidth=\dimen187
\cmidrulewidth=\dimen188
\belowrulesep=\dimen189
\belowbottomsep=\dimen190
\aboverulesep=\dimen191
\abovetopsep=\dimen192
\cmidrulesep=\dimen193
\cmidrulekern=\dimen194
\defaultaddspace=\dimen195
\@cmidla=\count323
\@cmidlb=\count324
\@aboverulesep=\dimen196
\@belowrulesep=\dimen197
\@thisruleclass=\count325
\@lastruleclass=\count326
\@thisrulewidth=\dimen198
)
(C:\Users\Gérard Montarou\AppData\Local\Programs\MiKTeX\tex/latex/xcolor\xcolo
r.sty
Package: xcolor 2024/09/29 v3.02 LaTeX color extensions (UK)

(C:\Users\Gérard Montarou\AppData\Local\Programs\MiKTeX\tex/latex/graphics-cfg
\color.cfg
File: color.cfg 2016/01/02 v1.6 sample color configuration
)
Package xcolor Info: Driver file: pdftex.def on input line 274.

(C:\Users\Gérard Montarou\AppData\Local\Programs\MiKTeX\tex/latex/graphics\mat
hcolor.ltx)
Package xcolor Info: Model `cmy' substituted by `cmy0' on input line 1349.
Package xcolor Info: Model `hsb' substituted by `rgb' on input line 1353.
Package xcolor Info: Model `RGB' extended on input line 1365.
Package xcolor Info: Model `HTML' substituted by `rgb' on input line 1367.
Package xcolor Info: Model `Hsb' substituted by `hsb' on input line 1368.
Package xcolor Info: Model `tHsb' substituted by `hsb' on input line 1369.
Package xcolor Info: Model `HSB' substituted by `hsb' on input line 1370.
Package xcolor Info: Model `Gray' substituted by `gray' on input line 1371.
Package xcolor Info: Model `wave' substituted by `hsb' on input line 1372.
)
(C:\Users\Gérard Montarou\AppData\Local\Programs\MiKTeX\tex/latex/tcolorbox\tc
olorbox.sty
Package: tcolorbox 2025/09/09 version 6.8.0 text color boxes

(C:\Users\Gérard Montarou\AppData\Local\Programs\MiKTeX\tex/latex/pgf/frontend
layer\tikz.sty
(C:\Users\Gérard Montarou\AppData\Local\Programs\MiKTeX\tex/latex/pgf/basiclay
er\pgf.sty
(C:\Users\Gérard Montarou\AppData\Local\Programs\MiKTeX\tex/latex/pgf/utilitie
s\pgfrcs.sty
(C:\Users\Gérard Montarou\AppData\Local\Programs\MiKTeX\tex/generic/pgf/utilit
ies\pgfutil-common.tex
\pgfutil@everybye=\toks26
\pgfutil@tempdima=\dimen199
\pgfutil@tempdimb=\dimen256
)
(C:\Users\Gérard Montarou\AppData\Local\Programs\MiKTeX\tex/generic/pgf/utilit
ies\pgfutil-latex.def
\pgfutil@abb=\box65
)
(C:\Users\Gérard Montarou\AppData\Local\Programs\MiKTeX\tex/generic/pgf/utilit
ies\pgfrcs.code.tex
(C:\Users\Gérard Montarou\AppData\Local\Programs\MiKTeX\tex/generic/pgf\pgf.re
vision.tex)
Package: pgfrcs 2025-08-29 v3.1.11a (3.1.11a)
))
Package: pgf 2025-08-29 v3.1.11a (3.1.11a)

(C:\Users\Gérard Montarou\AppData\Local\Programs\MiKTeX\tex/latex/pgf/basiclay
er\pgfcore.sty
(C:\Users\Gérard Montarou\AppData\Local\Programs\MiKTeX\tex/latex/pgf/systemla
yer\pgfsys.sty
(C:\Users\Gérard Montarou\AppData\Local\Programs\MiKTeX\tex/generic/pgf/system
layer\pgfsys.code.tex
Package: pgfsys 2025-08-29 v3.1.11a (3.1.11a)

(C:\Users\Gérard Montarou\AppData\Local\Programs\MiKTeX\tex/generic/pgf/utilit
ies\pgfkeys.code.tex
\pgfkeys@pathtoks=\toks27
\pgfkeys@temptoks=\toks28

(C:\Users\Gérard Montarou\AppData\Local\Programs\MiKTeX\tex/generic/pgf/utilit
ies\pgfkeyslibraryfiltered.code.tex
\pgfkeys@tmptoks=\toks29
))
\pgf@x=\dimen257
\pgf@y=\dimen258
\pgf@xa=\dimen259
\pgf@ya=\dimen260
\pgf@xb=\dimen261
\pgf@yb=\dimen262
\pgf@xc=\dimen263
\pgf@yc=\dimen264
\pgf@xd=\dimen265
\pgf@yd=\dimen266
\w@pgf@writea=\write3
\r@pgf@reada=\read3
\c@pgf@counta=\count327
\c@pgf@countb=\count328
\c@pgf@countc=\count329
\c@pgf@countd=\count330
\t@pgf@toka=\toks30
\t@pgf@tokb=\toks31
\t@pgf@tokc=\toks32
\pgf@sys@id@count=\count331

(C:\Users\Gérard Montarou\AppData\Local\Programs\MiKTeX\tex/generic/pgf/system
layer\pgf.cfg
File: pgf.cfg 2025-08-29 v3.1.11a (3.1.11a)
)
Driver file for pgf: pgfsys-pdftex.def

(C:\Users\Gérard Montarou\AppData\Local\Programs\MiKTeX\tex/generic/pgf/system
layer\pgfsys-pdftex.def
File: pgfsys-pdftex.def 2025-08-29 v3.1.11a (3.1.11a)

(C:\Users\Gérard Montarou\AppData\Local\Programs\MiKTeX\tex/generic/pgf/system
layer\pgfsys-common-pdf.def
File: pgfsys-common-pdf.def 2025-08-29 v3.1.11a (3.1.11a)
)))
(C:\Users\Gérard Montarou\AppData\Local\Programs\MiKTeX\tex/generic/pgf/system
layer\pgfsyssoftpath.code.tex
File: pgfsyssoftpath.code.tex 2025-08-29 v3.1.11a (3.1.11a)
\pgfsyssoftpath@smallbuffer@items=\count332
\pgfsyssoftpath@bigbuffer@items=\count333
)
(C:\Users\Gérard Montarou\AppData\Local\Programs\MiKTeX\tex/generic/pgf/system
layer\pgfsysprotocol.code.tex
File: pgfsysprotocol.code.tex 2025-08-29 v3.1.11a (3.1.11a)
))
(C:\Users\Gérard Montarou\AppData\Local\Programs\MiKTeX\tex/generic/pgf/basicl
ayer\pgfcore.code.tex
Package: pgfcore 2025-08-29 v3.1.11a (3.1.11a)

(C:\Users\Gérard Montarou\AppData\Local\Programs\MiKTeX\tex/generic/pgf/math\p
gfmath.code.tex
(C:\Users\Gérard Montarou\AppData\Local\Programs\MiKTeX\tex/generic/pgf/math\p
gfmathutil.code.tex)
(C:\Users\Gérard Montarou\AppData\Local\Programs\MiKTeX\tex/generic/pgf/math\p
gfmathparser.code.tex
\pgfmath@dimen=\dimen267
\pgfmath@count=\count334
\pgfmath@box=\box66
\pgfmath@toks=\toks33
\pgfmath@stack@operand=\toks34
\pgfmath@stack@operation=\toks35
)
(C:\Users\Gérard Montarou\AppData\Local\Programs\MiKTeX\tex/generic/pgf/math\p
gfmathfunctions.code.tex)
(C:\Users\Gérard Montarou\AppData\Local\Programs\MiKTeX\tex/generic/pgf/math\p
gfmathfunctions.basic.code.tex)
(C:\Users\Gérard Montarou\AppData\Local\Programs\MiKTeX\tex/generic/pgf/math\p
gfmathfunctions.trigonometric.code.tex)
(C:\Users\Gérard Montarou\AppData\Local\Programs\MiKTeX\tex/generic/pgf/math\p
gfmathfunctions.random.code.tex)
(C:\Users\Gérard Montarou\AppData\Local\Programs\MiKTeX\tex/generic/pgf/math\p
gfmathfunctions.comparison.code.tex)
(C:\Users\Gérard Montarou\AppData\Local\Programs\MiKTeX\tex/generic/pgf/math\p
gfmathfunctions.base.code.tex)
(C:\Users\Gérard Montarou\AppData\Local\Programs\MiKTeX\tex/generic/pgf/math\p
gfmathfunctions.round.code.tex)
(C:\Users\Gérard Montarou\AppData\Local\Programs\MiKTeX\tex/generic/pgf/math\p
gfmathfunctions.misc.code.tex)
(C:\Users\Gérard Montarou\AppData\Local\Programs\MiKTeX\tex/generic/pgf/math\p
gfmathfunctions.integerarithmetics.code.tex)
(C:\Users\Gérard Montarou\AppData\Local\Programs\MiKTeX\tex/generic/pgf/math\p
gfmathcalc.code.tex)
(C:\Users\Gérard Montarou\AppData\Local\Programs\MiKTeX\tex/generic/pgf/math\p
gfmathfloat.code.tex
\c@pgfmathroundto@lastzeros=\count335
))
(C:\Users\Gérard Montarou\AppData\Local\Programs\MiKTeX\tex/generic/pgf/math\p
gfint.code.tex)
(C:\Users\Gérard Montarou\AppData\Local\Programs\MiKTeX\tex/generic/pgf/basicl
ayer\pgfcorepoints.code.tex
File: pgfcorepoints.code.tex 2025-08-29 v3.1.11a (3.1.11a)
\pgf@picminx=\dimen268
\pgf@picmaxx=\dimen269
\pgf@picminy=\dimen270
\pgf@picmaxy=\dimen271
\pgf@pathminx=\dimen272
\pgf@pathmaxx=\dimen273
\pgf@pathminy=\dimen274
\pgf@pathmaxy=\dimen275
\pgf@xx=\dimen276
\pgf@xy=\dimen277
\pgf@yx=\dimen278
\pgf@yy=\dimen279
\pgf@zx=\dimen280
\pgf@zy=\dimen281
)
(C:\Users\Gérard Montarou\AppData\Local\Programs\MiKTeX\tex/generic/pgf/basicl
ayer\pgfcorepathconstruct.code.tex
File: pgfcorepathconstruct.code.tex 2025-08-29 v3.1.11a (3.1.11a)
\pgf@path@lastx=\dimen282
\pgf@path@lasty=\dimen283
)
(C:\Users\Gérard Montarou\AppData\Local\Programs\MiKTeX\tex/generic/pgf/basicl
ayer\pgfcorepathusage.code.tex
File: pgfcorepathusage.code.tex 2025-08-29 v3.1.11a (3.1.11a)
\pgf@shorten@end@additional=\dimen284
\pgf@shorten@start@additional=\dimen285
)
(C:\Users\Gérard Montarou\AppData\Local\Programs\MiKTeX\tex/generic/pgf/basicl
ayer\pgfcorescopes.code.tex
File: pgfcorescopes.code.tex 2025-08-29 v3.1.11a (3.1.11a)
\pgfpic=\box67
\pgf@hbox=\box68
\pgf@layerbox@main=\box69
\pgf@picture@serial@count=\count336
)
(C:\Users\Gérard Montarou\AppData\Local\Programs\MiKTeX\tex/generic/pgf/basicl
ayer\pgfcoregraphicstate.code.tex
File: pgfcoregraphicstate.code.tex 2025-08-29 v3.1.11a (3.1.11a)
\pgflinewidth=\dimen286
)
(C:\Users\Gérard Montarou\AppData\Local\Programs\MiKTeX\tex/generic/pgf/basicl
ayer\pgfcoretransformations.code.tex
File: pgfcoretransformations.code.tex 2025-08-29 v3.1.11a (3.1.11a)
\pgf@pt@x=\dimen287
\pgf@pt@y=\dimen288
\pgf@pt@temp=\dimen289
)
(C:\Users\Gérard Montarou\AppData\Local\Programs\MiKTeX\tex/generic/pgf/basicl
ayer\pgfcorequick.code.tex
File: pgfcorequick.code.tex 2025-08-29 v3.1.11a (3.1.11a)
)
(C:\Users\Gérard Montarou\AppData\Local\Programs\MiKTeX\tex/generic/pgf/basicl
ayer\pgfcoreobjects.code.tex
File: pgfcoreobjects.code.tex 2025-08-29 v3.1.11a (3.1.11a)
)
(C:\Users\Gérard Montarou\AppData\Local\Programs\MiKTeX\tex/generic/pgf/basicl
ayer\pgfcorepathprocessing.code.tex
File: pgfcorepathprocessing.code.tex 2025-08-29 v3.1.11a (3.1.11a)
)
(C:\Users\Gérard Montarou\AppData\Local\Programs\MiKTeX\tex/generic/pgf/basicl
ayer\pgfcorearrows.code.tex
File: pgfcorearrows.code.tex 2025-08-29 v3.1.11a (3.1.11a)
\pgfarrowsep=\dimen290
)
(C:\Users\Gérard Montarou\AppData\Local\Programs\MiKTeX\tex/generic/pgf/basicl
ayer\pgfcoreshade.code.tex
File: pgfcoreshade.code.tex 2025-08-29 v3.1.11a (3.1.11a)
\pgf@max=\dimen291
\pgf@sys@shading@range@num=\count337
\pgf@shadingcount=\count338
)
(C:\Users\Gérard Montarou\AppData\Local\Programs\MiKTeX\tex/generic/pgf/basicl
ayer\pgfcoreimage.code.tex
File: pgfcoreimage.code.tex 2025-08-29 v3.1.11a (3.1.11a)
)
(C:\Users\Gérard Montarou\AppData\Local\Programs\MiKTeX\tex/generic/pgf/basicl
ayer\pgfcoreexternal.code.tex
File: pgfcoreexternal.code.tex 2025-08-29 v3.1.11a (3.1.11a)
\pgfexternal@startupbox=\box70
)
(C:\Users\Gérard Montarou\AppData\Local\Programs\MiKTeX\tex/generic/pgf/basicl
ayer\pgfcorelayers.code.tex
File: pgfcorelayers.code.tex 2025-08-29 v3.1.11a (3.1.11a)
)
(C:\Users\Gérard Montarou\AppData\Local\Programs\MiKTeX\tex/generic/pgf/basicl
ayer\pgfcoretransparency.code.tex
File: pgfcoretransparency.code.tex 2025-08-29 v3.1.11a (3.1.11a)
)
(C:\Users\Gérard Montarou\AppData\Local\Programs\MiKTeX\tex/generic/pgf/basicl
ayer\pgfcorepatterns.code.tex
File: pgfcorepatterns.code.tex 2025-08-29 v3.1.11a (3.1.11a)
)
(C:\Users\Gérard Montarou\AppData\Local\Programs\MiKTeX\tex/generic/pgf/basicl
ayer\pgfcorerdf.code.tex
File: pgfcorerdf.code.tex 2025-08-29 v3.1.11a (3.1.11a)
)))
(C:\Users\Gérard Montarou\AppData\Local\Programs\MiKTeX\tex/generic/pgf/module
s\pgfmoduleshapes.code.tex
File: pgfmoduleshapes.code.tex 2025-08-29 v3.1.11a (3.1.11a)
\pgfnodeparttextbox=\box71
)
(C:\Users\Gérard Montarou\AppData\Local\Programs\MiKTeX\tex/generic/pgf/module
s\pgfmoduleplot.code.tex
File: pgfmoduleplot.code.tex 2025-08-29 v3.1.11a (3.1.11a)
)
(C:\Users\Gérard Montarou\AppData\Local\Programs\MiKTeX\tex/latex/pgf/compatib
ility\pgfcomp-version-0-65.sty
Package: pgfcomp-version-0-65 2025-08-29 v3.1.11a (3.1.11a)
\pgf@nodesepstart=\dimen292
\pgf@nodesepend=\dimen293
)
(C:\Users\Gérard Montarou\AppData\Local\Programs\MiKTeX\tex/latex/pgf/compatib
ility\pgfcomp-version-1-18.sty
Package: pgfcomp-version-1-18 2025-08-29 v3.1.11a (3.1.11a)
))
(C:\Users\Gérard Montarou\AppData\Local\Programs\MiKTeX\tex/latex/pgf/utilitie
s\pgffor.sty
(C:\Users\Gérard Montarou\AppData\Local\Programs\MiKTeX\tex/latex/pgf/utilitie
s\pgfkeys.sty
(C:\Users\Gérard Montarou\AppData\Local\Programs\MiKTeX\tex/generic/pgf/utilit
ies\pgfkeys.code.tex))
(C:\Users\Gérard Montarou\AppData\Local\Programs\MiKTeX\tex/latex/pgf/math\pgf
math.sty
(C:\Users\Gérard Montarou\AppData\Local\Programs\MiKTeX\tex/generic/pgf/math\p
gfmath.code.tex))
(C:\Users\Gérard Montarou\AppData\Local\Programs\MiKTeX\tex/generic/pgf/utilit
ies\pgffor.code.tex
Package: pgffor 2025-08-29 v3.1.11a (3.1.11a)
\pgffor@iter=\dimen294
\pgffor@skip=\dimen295
\pgffor@stack=\toks36
\pgffor@toks=\toks37
))
(C:\Users\Gérard Montarou\AppData\Local\Programs\MiKTeX\tex/generic/pgf/fronte
ndlayer/tikz\tikz.code.tex
Package: tikz 2025-08-29 v3.1.11a (3.1.11a)

(C:\Users\Gérard Montarou\AppData\Local\Programs\MiKTeX\tex/generic/pgf/librar
ies\pgflibraryplothandlers.code.tex
File: pgflibraryplothandlers.code.tex 2025-08-29 v3.1.11a (3.1.11a)
\pgf@plot@mark@count=\count339
\pgfplotmarksize=\dimen296
)
\tikz@lastx=\dimen297
\tikz@lasty=\dimen298
\tikz@lastxsaved=\dimen299
\tikz@lastysaved=\dimen300
\tikz@lastmovetox=\dimen301
\tikz@lastmovetoy=\dimen302
\tikzleveldistance=\dimen303
\tikzsiblingdistance=\dimen304
\tikz@figbox=\box72
\tikz@figbox@bg=\box73
\tikz@tempbox=\box74
\tikz@tempbox@bg=\box75
\tikztreelevel=\count340
\tikznumberofchildren=\count341
\tikznumberofcurrentchild=\count342
\tikz@fig@count=\count343

(C:\Users\Gérard Montarou\AppData\Local\Programs\MiKTeX\tex/generic/pgf/module
s\pgfmodulematrix.code.tex
File: pgfmodulematrix.code.tex 2025-08-29 v3.1.11a (3.1.11a)
\pgfmatrixcurrentrow=\count344
\pgfmatrixcurrentcolumn=\count345
\pgf@matrix@numberofcolumns=\count346
)
\tikz@expandcount=\count347

(C:\Users\Gérard Montarou\AppData\Local\Programs\MiKTeX\tex/generic/pgf/fronte
ndlayer/tikz/libraries\tikzlibrarytopaths.code.tex
File: tikzlibrarytopaths.code.tex 2025-08-29 v3.1.11a (3.1.11a)
)))
(C:\Users\Gérard Montarou\AppData\Local\Programs\MiKTeX\tex/latex/tools\verbat
im.sty
Package: verbatim 2024-01-22 v1.5x LaTeX2e package for verbatim enhancements
\every@verbatim=\toks38
\verbatim@line=\toks39
\verbatim@in@stream=\read4
)
(C:\Users\Gérard Montarou\AppData\Local\Programs\MiKTeX\tex/latex/environ\envi
ron.sty
Package: environ 2014/05/04 v0.3 A new way to define environments

(C:\Users\Gérard Montarou\AppData\Local\Programs\MiKTeX\tex/latex/trimspaces\t
rimspaces.sty
Package: trimspaces 2009/09/17 v1.1 Trim spaces around a token list
))
\tcb@titlebox=\box76
\tcb@upperbox=\box77
\tcb@lowerbox=\box78
\tcb@phantombox=\box79
\c@tcbbreakpart=\count348
\c@tcblayer=\count349
\c@tcolorbox@number=\count350
\l__tcobox_tmpa_box=\box80
\l__tcobox_tmpa_dim=\dimen305
\tcb@temp=\box81
\tcb@temp=\box82
\tcb@temp=\box83
\tcb@temp=\box84

(C:\Users\Gérard Montarou\AppData\Local\Programs\MiKTeX\tex/latex/tcolorbox\tc
braster.code.tex
Library (tcolorbox): 'tcbraster.code.tex' version '6.8.0'
\c@tcbrastercolumn=\count351
\c@tcbrasterrow=\count352
\c@tcbrasternum=\count353
\c@tcbraster=\count354
)
(C:\Users\Gérard Montarou\AppData\Local\Programs\MiKTeX\tex/latex/tcolorbox\tc
bskins.code.tex
Library (tcolorbox): 'tcbskins.code.tex' version '6.8.0'

(C:\Users\Gérard Montarou\AppData\Local\Programs\MiKTeX\tex/latex/tikzfill\tik
zfill.image.sty
Package: tikzfill.image 2023/08/08 v1.0.1 Image filling library for TikZ

(C:\Users\Gérard Montarou\AppData\Local\Programs\MiKTeX\tex/latex/tikzfill\tik
zfill-common.sty
Package: tikzfill-common 2023/08/08 v1.0.1 Auxiliary code for tikzfill
)
(C:\Users\Gérard Montarou\AppData\Local\Programs\MiKTeX\tex/latex/tikzfill\tik
zlibraryfill.image.code.tex
File: tikzlibraryfill.image.code.tex 2023/08/08 v1.0.1 Image filling library
\l__tikzfill_img_box=\box85
))
(C:\Users\Gérard Montarou\AppData\Local\Programs\MiKTeX\tex/latex/tcolorbox\tc
bskinsjigsaw.code.tex
Library (tcolorbox): 'tcbskinsjigsaw.code.tex' version '6.8.0'
))
(C:\Users\Gérard Montarou\AppData\Local\Programs\MiKTeX\tex/latex/tcolorbox\tc
bbreakable.code.tex
Library (tcolorbox): 'tcbbreakable.code.tex' version '6.8.0'

(C:\Users\Gérard Montarou\AppData\Local\Programs\MiKTeX\tex/latex/pdfcol\pdfco
l.sty
Package: pdfcol 2022-09-21 v1.7 Handle new color stacks for pdfTeX (HO)
)
Package pdfcol Info: New color stack `tcb@breakable' = 1 on input line 23.
\tcb@testbox=\box86
\tcb@totalupperbox=\box87
\tcb@totallowerbox=\box88
)
(C:\Users\Gérard Montarou\AppData\Local\Programs\MiKTeX\tex/latex/tcolorbox\tc
bhooks.code.tex
Library (tcolorbox): 'tcbhooks.code.tex' version '6.8.0'
)
(C:\Users\Gérard Montarou\AppData\Local\Programs\MiKTeX\tex/latex/tcolorbox\tc
btheorems.code.tex
Library (tcolorbox): 'tcbtheorems.code.tex' version '6.8.0'
)
(C:\Users\Gérard Montarou\AppData\Local\Programs\MiKTeX\tex/latex/tcolorbox\tc
bfitting.code.tex
Library (tcolorbox): 'tcbfitting.code.tex' version '6.8.0'
\tcbfitdim=\dimen306
\tcb@lowerfitdim=\dimen307
\tcb@upperfitdim=\dimen308
\tcb@cur@hbadness=\count355
)
(C:\Users\Gérard Montarou\AppData\Local\Programs\MiKTeX\tex/latex/tcolorbox\tc
blistingsutf8.code.tex
Library (tcolorbox): 'tcblistingsutf8.code.tex' version '6.8.0'

(C:\Users\Gérard Montarou\AppData\Local\Programs\MiKTeX\tex/latex/tcolorbox\tc
blistings.code.tex
Library (tcolorbox): 'tcblistings.code.tex' version '6.8.0'

(C:\Users\Gérard Montarou\AppData\Local\Programs\MiKTeX\tex/latex/listings\lis
tings.sty
\lst@mode=\count356
\lst@gtempboxa=\box89
\lst@token=\toks40
\lst@length=\count357
\lst@currlwidth=\dimen309
\lst@column=\count358
\lst@pos=\count359
\lst@lostspace=\dimen310
\lst@width=\dimen311
\lst@newlines=\count360
\lst@lineno=\count361
\lst@maxwidth=\dimen312

(C:\Users\Gérard Montarou\AppData\Local\Programs\MiKTeX\tex/latex/listings\lst
patch.sty
File: lstpatch.sty 2025/11/14 1.11b (Carsten Heinz)
)
(C:\Users\Gérard Montarou\AppData\Local\Programs\MiKTeX\tex/latex/listings\lst
misc.sty
File: lstmisc.sty 2025/11/14 1.11b (Carsten Heinz)
\c@lstnumber=\count362
\lst@skipnumbers=\count363
\lst@framebox=\box90
)
(C:\Users\Gérard Montarou\AppData\Local\Programs\MiKTeX\tex/latex/listings\lis
tings.cfg
File: listings.cfg 2025/11/14 1.11b listings configuration
))
Package: listings 2025/11/14 1.11b (Carsten Heinz)

==> First Aid for listings.sty no longer applied!
    Expected:
        2024/09/23 1.10c (Carsten Heinz)
    but found:
        2025/11/14 1.11b (Carsten Heinz)
    so I'm assuming it got fixed.

(C:\Users\Gérard Montarou\AppData\Local\Programs\MiKTeX\tex/latex/tcolorbox\tc
blistingscore.code.tex
Library (tcolorbox): 'tcblistingscore.code.tex' version '6.8.0'

(C:\Users\Gérard Montarou\AppData\Local\Programs\MiKTeX\tex/latex/tcolorbox\tc
bprocessing.code.tex
Library (tcolorbox): 'tcbprocessing.code.tex' version '6.8.0'
)
\c@tcblisting=\count364
))
(C:\Users\Gérard Montarou\AppData\Local\Programs\MiKTeX\tex/latex/listingsutf8
\listingsutf8.sty
Package: listingsutf8 2019-12-10 v1.5 Allow UTF-8 in listings input (HO)

(C:\Users\Gérard Montarou\AppData\Local\Programs\MiKTeX\tex/generic/stringenc\
stringenc.sty
Package: stringenc 2019/11/29 v1.12 Convert strings between diff. encodings (HO
)

(C:\Users\Gérard Montarou\AppData\Local\Programs\MiKTeX\tex/generic/pdfescape\
pdfescape.sty
Package: pdfescape 2019/12/09 v1.15 Implements pdfTeX's escape features (HO)
))))
(C:\Users\Gérard Montarou\AppData\Local\Programs\MiKTeX\tex/latex/tcolorbox\tc
bexternal.code.tex
Library (tcolorbox): 'tcbexternal.code.tex' version '6.8.0'
)
(C:\Users\Gérard Montarou\AppData\Local\Programs\MiKTeX\tex/latex/tcolorbox\tc
bmagazine.code.tex
Library (tcolorbox): 'tcbmagazine.code.tex' version '6.8.0'
)
(C:\Users\Gérard Montarou\AppData\Local\Programs\MiKTeX\tex/latex/tcolorbox\tc
bvignette.code.tex
Library (tcolorbox): 'tcbvignette.code.tex' version '6.8.0'

(C:\Users\Gérard Montarou\AppData\Local\Programs\MiKTeX\tex/generic/pgf/fronte
ndlayer/tikz/libraries\tikzlibraryfadings.code.tex
File: tikzlibraryfadings.code.tex 2025-08-29 v3.1.11a (3.1.11a)

(C:\Users\Gérard Montarou\AppData\Local\Programs\MiKTeX\tex/generic/pgf/librar
ies\pgflibraryfadings.code.tex
File: pgflibraryfadings.code.tex 2025-08-29 v3.1.11a (3.1.11a)
)))
(C:\Users\Gérard Montarou\AppData\Local\Programs\MiKTeX\tex/latex/tcolorbox\tc
bposter.code.tex
Library (tcolorbox): 'tcbposter.code.tex' version '6.8.0'
))
(C:\Users\Gérard Montarou\AppData\Local\Programs\MiKTeX\tex/latex/tools\bm.sty
Package: bm 2025/10/21 v1.2g Bold Symbol Support (DPC/FMi)
\symboldoperators=\mathgroup6
\symboldletters=\mathgroup7
\symboldsymbols=\mathgroup8
Package bm Info: No bold for \OMX/lmex/m/n, using \pmb.
Package bm Info: No bold for \U/msa/m/n, using \pmb.
Package bm Info: No bold for \U/msb/m/n, using \pmb.
LaTeX Font Info:    Redeclaring math alphabet \mathbf on input line 149.
)
(C:\Users\Gérard Montarou\AppData\Local\Programs\MiKTeX\tex/latex/float\float.
sty
Package: float 2001/11/08 v1.3d Float enhancements (AL)
\c@float@type=\count365
\float@exts=\toks41
\float@box=\box91
\@float@everytoks=\toks42
\@floatcapt=\box92
)
(C:\Users\Gérard Montarou\AppData\Local\Programs\MiKTeX\tex/latex/comment\comm
ent.sty
\CommentStream=\write4
 Excluding comment 'comment')
(C:\Users\Gérard Montarou\AppData\Local\Programs\MiKTeX\tex/generic/pgf/fronte
ndlayer/tikz/libraries\tikzlibrarypositioning.code.tex
File: tikzlibrarypositioning.code.tex 2025-08-29 v3.1.11a (3.1.11a)
)
(C:\Users\Gérard Montarou\AppData\Local\Programs\MiKTeX\tex/generic/pgf/librar
ies\pgflibraryarrows.meta.code.tex
File: pgflibraryarrows.meta.code.tex 2025-08-29 v3.1.11a (3.1.11a)
\pgfarrowinset=\dimen313
\pgfarrowlength=\dimen314
\pgfarrowwidth=\dimen315
\pgfarrowlinewidth=\dimen316
)
(C:\Users\Gérard Montarou\AppData\Local\Programs\MiKTeX\tex/generic/pgf/fronte
ndlayer/tikz/libraries\tikzlibraryshapes.geometric.code.tex
File: tikzlibraryshapes.geometric.code.tex 2025-08-29 v3.1.11a (3.1.11a)

(C:\Users\Gérard Montarou\AppData\Local\Programs\MiKTeX\tex/generic/pgf/librar
ies/shapes\pgflibraryshapes.geometric.code.tex
File: pgflibraryshapes.geometric.code.tex 2025-08-29 v3.1.11a (3.1.11a)
))
(C:\Users\Gérard Montarou\AppData\Local\Programs\MiKTeX\tex/generic/pgf/fronte
ndlayer/tikz/libraries\tikzlibrarycalc.code.tex
File: tikzlibrarycalc.code.tex 2025-08-29 v3.1.11a (3.1.11a)
)
(C:\Users\Gérard Montarou\AppData\Local\Programs\MiKTeX\tex/latex/pgfplots\pgf
plots.sty
(C:\Users\Gérard Montarou\AppData\Local\Programs\MiKTeX\tex/generic/pgfplots\p
gfplots.revision.tex)
Package: pgfplots 2021/05/15 v1.18.1 Data Visualization (1.18.1)

(C:\Users\Gérard Montarou\AppData\Local\Programs\MiKTeX\tex/generic/pgfplots\p
gfplots.code.tex
(C:\Users\Gérard Montarou\AppData\Local\Programs\MiKTeX\tex/generic/pgfplots\p
gfplotscore.code.tex
\t@pgfplots@toka=\toks43
\t@pgfplots@tokb=\toks44
\t@pgfplots@tokc=\toks45
\pgfplots@tmpa=\dimen317
\c@pgfplots@coordindex=\count366
\c@pgfplots@scanlineindex=\count367

(C:\Users\Gérard Montarou\AppData\Local\Programs\MiKTeX\tex/generic/pgfplots/s
ys\pgfplotssysgeneric.code.tex))
(C:\Users\Gérard Montarou\AppData\Local\Programs\MiKTeX\tex/generic/pgfplots/l
ibs\pgfplotslibrary.code.tex)
(C:\Users\Gérard Montarou\AppData\Local\Programs\MiKTeX\tex/generic/pgfplots/o
ldpgfcompatib\pgfplotsoldpgfsupp_loader.code.tex
(C:\Users\Gérard Montarou\AppData\Local\Programs\MiKTeX\tex/generic/pgf/librar
ies\pgflibraryfpu.code.tex)
Package pgfplots: loading complementary utilities for your pgf version...
\t@pgf@toka=\toks46
\t@pgf@tokb=\toks47
\t@pgf@tokc=\toks48

(C:\Users\Gérard Montarou\AppData\Local\Programs\MiKTeX\tex/generic/pgfplots/o
ldpgfcompatib\pgfplotsoldpgfsupp_pgfutil-common-lists.tex))
(C:\Users\Gérard Montarou\AppData\Local\Programs\MiKTeX\tex/generic/pgfplots/u
til\pgfplotsutil.code.tex
(C:\Users\Gérard Montarou\AppData\Local\Programs\MiKTeX\tex/generic/pgfplots/l
iststructure\pgfplotsliststructure.code.tex)
(C:\Users\Gérard Montarou\AppData\Local\Programs\MiKTeX\tex/generic/pgfplots/l
iststructure\pgfplotsliststructureext.code.tex)
(C:\Users\Gérard Montarou\AppData\Local\Programs\MiKTeX\tex/generic/pgfplots/l
iststructure\pgfplotsarray.code.tex
\c@pgfplotsarray@tmp=\count368
)
(C:\Users\Gérard Montarou\AppData\Local\Programs\MiKTeX\tex/generic/pgfplots/l
iststructure\pgfplotsmatrix.code.tex)
(C:\Users\Gérard Montarou\AppData\Local\Programs\MiKTeX\tex/generic/pgfplots/n
umtable\pgfplotstableshared.code.tex
\c@pgfplotstable@counta=\count369
\t@pgfplotstable@a=\toks49
)
(C:\Users\Gérard Montarou\AppData\Local\Programs\MiKTeX\tex/generic/pgfplots/l
iststructure\pgfplotsdeque.code.tex)
(C:\Users\Gérard Montarou\AppData\Local\Programs\MiKTeX\tex/generic/pgfplots/u
til\pgfplotsbinary.code.tex
(C:\Users\Gérard Montarou\AppData\Local\Programs\MiKTeX\tex/generic/pgfplots/u
til\pgfplotsbinary.data.code.tex))
(C:\Users\Gérard Montarou\AppData\Local\Programs\MiKTeX\tex/generic/pgfplots/u
til\pgfplotsutil.verb.code.tex)
(C:\Users\Gérard Montarou\AppData\Local\Programs\MiKTeX\tex/generic/pgfplots/l
ibs\pgflibrarypgfplots.surfshading.code.tex
\c@pgfplotslibrarysurf@no=\count370

(C:\Users\Gérard Montarou\AppData\Local\Programs\MiKTeX\tex/generic/pgfplots/s
ys\pgflibrarypgfplots.surfshading.pgfsys-pdftex.def)))
(C:\Users\Gérard Montarou\AppData\Local\Programs\MiKTeX\tex/generic/pgfplots/u
til\pgfplotscolormap.code.tex
(C:\Users\Gérard Montarou\AppData\Local\Programs\MiKTeX\tex/generic/pgfplots/u
til\pgfplotscolor.code.tex))
(C:\Users\Gérard Montarou\AppData\Local\Programs\MiKTeX\tex/generic/pgfplots\p
gfplotsstackedplots.code.tex)
(C:\Users\Gérard Montarou\AppData\Local\Programs\MiKTeX\tex/generic/pgfplots\p
gfplotsplothandlers.code.tex
(C:\Users\Gérard Montarou\AppData\Local\Programs\MiKTeX\tex/generic/pgfplots\p
gfplotsmeshplothandler.code.tex
(C:\Users\Gérard Montarou\AppData\Local\Programs\MiKTeX\tex/generic/pgfplots\p
gfplotsmeshplotimage.code.tex)))
(C:\Users\Gérard Montarou\AppData\Local\Programs\MiKTeX\tex/generic/pgfplots\p
gfplots.scaling.code.tex)
(C:\Users\Gérard Montarou\AppData\Local\Programs\MiKTeX\tex/generic/pgfplots\p
gfplotscoordprocessing.code.tex)
(C:\Users\Gérard Montarou\AppData\Local\Programs\MiKTeX\tex/generic/pgfplots\p
gfplots.errorbars.code.tex)
(C:\Users\Gérard Montarou\AppData\Local\Programs\MiKTeX\tex/generic/pgfplots\p
gfplots.markers.code.tex)
(C:\Users\Gérard Montarou\AppData\Local\Programs\MiKTeX\tex/generic/pgfplots\p
gfplotsticks.code.tex)
(C:\Users\Gérard Montarou\AppData\Local\Programs\MiKTeX\tex/generic/pgfplots\p
gfplots.paths.code.tex)
(C:\Users\Gérard Montarou\AppData\Local\Programs\MiKTeX\tex/generic/pgf/fronte
ndlayer/tikz/libraries\tikzlibrarydecorations.code.tex
(C:\Users\Gérard Montarou\AppData\Local\Programs\MiKTeX\tex/generic/pgf/module
s\pgfmoduledecorations.code.tex
\pgfdecoratedcompleteddistance=\dimen318
\pgfdecoratedremainingdistance=\dimen319
\pgfdecoratedinputsegmentcompleteddistance=\dimen320
\pgfdecoratedinputsegmentremainingdistance=\dimen321
\pgf@decorate@distancetomove=\dimen322
\pgf@decorate@repeatstate=\count371
\pgfdecorationsegmentamplitude=\dimen323
\pgfdecorationsegmentlength=\dimen324
)
\tikz@lib@dec@box=\box93
)
(C:\Users\Gérard Montarou\AppData\Local\Programs\MiKTeX\tex/generic/pgf/fronte
ndlayer/tikz/libraries\tikzlibrarydecorations.pathmorphing.code.tex
(C:\Users\Gérard Montarou\AppData\Local\Programs\MiKTeX\tex/generic/pgf/librar
ies/decorations\pgflibrarydecorations.pathmorphing.code.tex))
(C:\Users\Gérard Montarou\AppData\Local\Programs\MiKTeX\tex/generic/pgf/fronte
ndlayer/tikz/libraries\tikzlibrarydecorations.pathreplacing.code.tex
(C:\Users\Gérard Montarou\AppData\Local\Programs\MiKTeX\tex/generic/pgf/librar
ies/decorations\pgflibrarydecorations.pathreplacing.code.tex))
(C:\Users\Gérard Montarou\AppData\Local\Programs\MiKTeX\tex/generic/pgfplots/l
ibs\tikzlibrarypgfplots.contourlua.code.tex)
\pgfplots@numplots=\count372
\pgfplots@xmin@reg=\dimen325
\pgfplots@xmax@reg=\dimen326
\pgfplots@ymin@reg=\dimen327
\pgfplots@ymax@reg=\dimen328
\pgfplots@zmin@reg=\dimen329
\pgfplots@zmax@reg=\dimen330
)
(C:\Users\Gérard Montarou\AppData\Local\Programs\MiKTeX\tex/generic/pgf/fronte
ndlayer/tikz/libraries\tikzlibraryplotmarks.code.tex
File: tikzlibraryplotmarks.code.tex 2025-08-29 v3.1.11a (3.1.11a)

(C:\Users\Gérard Montarou\AppData\Local\Programs\MiKTeX\tex/generic/pgf/librar
ies\pgflibraryplotmarks.code.tex
File: pgflibraryplotmarks.code.tex 2025-08-29 v3.1.11a (3.1.11a)
)))
(C:\Users\Gérard Montarou\AppData\Local\Programs\MiKTeX\tex/latex/caption\capt
ion.sty
Package: caption 2023/08/05 v3.6o Customizing captions (AR)

(C:\Users\Gérard Montarou\AppData\Local\Programs\MiKTeX\tex/latex/caption\capt
ion3.sty
Package: caption3 2023/07/31 v2.4d caption3 kernel (AR)
\caption@tempdima=\dimen331
\captionmargin=\dimen332
\caption@leftmargin=\dimen333
\caption@rightmargin=\dimen334
\caption@width=\dimen335
\caption@indent=\dimen336
\caption@parindent=\dimen337
\caption@hangindent=\dimen338
Package caption Info: Standard document class detected.
Package caption Info: french babel package is loaded.
)
\c@caption@flags=\count373
\c@continuedfloat=\count374
Package caption Info: float package is loaded.
Package caption Info: listings package is loaded.
)
(C:\Users\Gérard Montarou\AppData\Local\Programs\MiKTeX\tex/latex/enumitem\enu
mitem.sty
Package: enumitem 2025/02/06 v3.11 Customized lists
\labelindent=\skip58
\enit@outerparindent=\dimen339
\enit@toks=\toks50
\enit@inbox=\box94
\enit@count@id=\count375
\enitdp@description=\count376
)
(C:\Users\Gérard Montarou\AppData\Local\Programs\MiKTeX\tex/latex/titlesec\tit
lesec.sty
Package: titlesec 2025/01/04 v2.17 Sectioning titles
\ttl@box=\box95
\beforetitleunit=\skip59
\aftertitleunit=\skip60
\ttl@plus=\dimen340
\ttl@minus=\dimen341
\ttl@toksa=\toks51
\titlewidth=\dimen342
\titlewidthlast=\dimen343
\titlewidthfirst=\dimen344
)
(C:\Users\Gérard Montarou\AppData\Local\Programs\MiKTeX\tex/latex/hyperref\hyp
erref.sty
Package: hyperref 2025-07-12 v7.01o Hypertext links for LaTeX

(C:\Users\Gérard Montarou\AppData\Local\Programs\MiKTeX\tex/latex/kvsetkeys\kv
setkeys.sty
Package: kvsetkeys 2022-10-05 v1.19 Key value parser (HO)
)
(C:\Users\Gérard Montarou\AppData\Local\Programs\MiKTeX\tex/generic/kvdefineke
ys\kvdefinekeys.sty
Package: kvdefinekeys 2019-12-19 v1.6 Define keys (HO)
)
(C:\Users\Gérard Montarou\AppData\Local\Programs\MiKTeX\tex/latex/hycolor\hyco
lor.sty
Package: hycolor 2020-01-27 v1.10 Color options for hyperref/bookmark (HO)
)
(C:\Users\Gérard Montarou\AppData\Local\Programs\MiKTeX\tex/latex/hyperref\nam
eref.sty
Package: nameref 2025-06-21 v2.57 Cross-referencing by name of section

(C:\Users\Gérard Montarou\AppData\Local\Programs\MiKTeX\tex/latex/refcount\ref
count.sty
Package: refcount 2019/12/15 v3.6 Data extraction from label references (HO)
)
(C:\Users\Gérard Montarou\AppData\Local\Programs\MiKTeX\tex/generic/gettitlest
ring\gettitlestring.sty
Package: gettitlestring 2019/12/15 v1.6 Cleanup title references (HO)

(C:\Users\Gérard Montarou\AppData\Local\Programs\MiKTeX\tex/latex/kvoptions\kv
options.sty
Package: kvoptions 2022-06-15 v3.15 Key value format for package options (HO)
))
\c@section@level=\count377
)
\@linkdim=\dimen345
\Hy@linkcounter=\count378
\Hy@pagecounter=\count379

(C:\Users\Gérard Montarou\AppData\Local\Programs\MiKTeX\tex/latex/hyperref\pd1
enc.def
File: pd1enc.def 2025-07-12 v7.01o Hyperref: PDFDocEncoding definition (HO)
Now handling font encoding PD1 ...
... no UTF-8 mapping file for font encoding PD1
)
(C:\Users\Gérard Montarou\AppData\Local\Programs\MiKTeX\tex/generic/intcalc\in
tcalc.sty
Package: intcalc 2019/12/15 v1.3 Expandable calculations with integers (HO)
)
\Hy@SavedSpaceFactor=\count380

(C:\Users\Gérard Montarou\AppData\Local\Programs\MiKTeX\tex/latex/hyperref\pue
nc.def
File: puenc.def 2025-07-12 v7.01o Hyperref: PDF Unicode definition (HO)
Now handling font encoding PU ...
... no UTF-8 mapping file for font encoding PU
)
Package hyperref Info: Option `colorlinks' set `true' on input line 4066.
Package hyperref Info: Hyper figures OFF on input line 4195.
Package hyperref Info: Link nesting OFF on input line 4200.
Package hyperref Info: Hyper index ON on input line 4203.
Package hyperref Info: Plain pages OFF on input line 4210.
Package hyperref Info: Backreferencing OFF on input line 4215.
Package hyperref Info: Implicit mode ON; LaTeX internals redefined.
Package hyperref Info: Bookmarks ON on input line 4462.
\c@Hy@tempcnt=\count381

(C:\Users\Gérard Montarou\AppData\Local\Programs\MiKTeX\tex/latex/url\url.sty
\Urlmuskip=\muskip18
Package: url 2013/09/16  ver 3.4  Verb mode for urls, etc.
)
LaTeX Info: Redefining \url on input line 4801.
\XeTeXLinkMargin=\dimen346

(C:\Users\Gérard Montarou\AppData\Local\Programs\MiKTeX\tex/generic/bitset\bit
set.sty
Package: bitset 2019/12/09 v1.3 Handle bit-vector datatype (HO)

(C:\Users\Gérard Montarou\AppData\Local\Programs\MiKTeX\tex/generic/bigintcalc
\bigintcalc.sty
Package: bigintcalc 2019/12/15 v1.5 Expandable calculations on big integers (HO
)
))
\Fld@menulength=\count382
\Field@Width=\dimen347
\Fld@charsize=\dimen348
Package hyperref Info: Hyper figures OFF on input line 6078.
Package hyperref Info: Link nesting OFF on input line 6083.
Package hyperref Info: Hyper index ON on input line 6086.
Package hyperref Info: backreferencing OFF on input line 6093.
Package hyperref Info: Link coloring ON on input line 6096.
Package hyperref Info: Link coloring with OCG OFF on input line 6103.
Package hyperref Info: PDF/A mode OFF on input line 6108.
\Hy@abspage=\count383
\c@Item=\count384
\c@Hfootnote=\count385
)
Package hyperref Info: Driver (autodetected): hpdftex.

(C:\Users\Gérard Montarou\AppData\Local\Programs\MiKTeX\tex/latex/hyperref\hpd
ftex.def
File: hpdftex.def 2025-07-12 v7.01o Hyperref driver for pdfTeX
\Fld@listcount=\count386
\c@bookmark@seq@number=\count387

(C:\Users\Gérard Montarou\AppData\Local\Programs\MiKTeX\tex/latex/rerunfileche
ck\rerunfilecheck.sty
Package: rerunfilecheck 2025-06-21 v1.11 Rerun checks for auxiliary files (HO)

(C:\Users\Gérard Montarou\AppData\Local\Programs\MiKTeX\tex/generic/uniquecoun
ter\uniquecounter.sty
Package: uniquecounter 2019/12/15 v1.4 Provide unlimited unique counter (HO)
)
Package uniquecounter Info: New unique counter `rerunfilecheck' on input line 2
84.
)
\Hy@SectionHShift=\skip61
)
Package french3.ldf Info: Setting StandardItemizeEnv=true for
(french3.ldf)             compatibility with enumitem package,
(french3.ldf)             reported on input line 110.
Package french3.ldf Info: Setting StandardEnumerateEnv=true for
(french3.ldf)             compatibility with enumitem package,
(french3.ldf)             reported on input line 110.
LaTeX Font Info:    Trying to load font information for T1+lmr on input line 11
0.

(C:\Users\Gérard Montarou\AppData\Local\Programs\MiKTeX\tex/latex/lm\t1lmr.fd
File: t1lmr.fd 2015/05/01 v1.6.1 Font defs for Latin Modern
)
(C:\Users\Gérard Montarou\AppData\Local\Programs\MiKTeX\tex/latex/l3backend\l3
backend-pdftex.def
File: l3backend-pdftex.def 2025-10-09 L3 backend support: PDF output (pdfTeX)
\l__color_backend_stack_int=\count388
) (Rapport HRS.aux
Package babel Info: 'french' activates 'french' shorthands.
(babel)             Reported on input line 11.
)
\openout1 = `"Rapport HRS.aux"'.

LaTeX Font Info:    Checking defaults for OML/cmm/m/it on input line 110.
LaTeX Font Info:    ... okay on input line 110.
LaTeX Font Info:    Checking defaults for OMS/cmsy/m/n on input line 110.
LaTeX Font Info:    ... okay on input line 110.
LaTeX Font Info:    Checking defaults for OT1/cmr/m/n on input line 110.
LaTeX Font Info:    ... okay on input line 110.
LaTeX Font Info:    Checking defaults for T1/cmr/m/n on input line 110.
LaTeX Font Info:    ... okay on input line 110.
LaTeX Font Info:    Checking defaults for TS1/cmr/m/n on input line 110.
LaTeX Font Info:    ... okay on input line 110.
LaTeX Font Info:    Checking defaults for OMX/cmex/m/n on input line 110.
LaTeX Font Info:    ... okay on input line 110.
LaTeX Font Info:    Checking defaults for U/cmr/m/n on input line 110.
LaTeX Font Info:    ... okay on input line 110.
LaTeX Font Info:    Checking defaults for PD1/pdf/m/n on input line 110.
LaTeX Font Info:    ... okay on input line 110.
LaTeX Font Info:    Checking defaults for PU/pdf/m/n on input line 110.
LaTeX Font Info:    ... okay on input line 110.
LaTeX Info: Redefining \degres on input line 110.

*geometry* driver: auto-detecting
*geometry* detected driver: pdftex
*geometry* verbose mode - [ preamble ] result:
* driver: pdftex
* paper: a4paper
* layout: <same size as paper>
* layoutoffset:(h,v)=(0.0pt,0.0pt)
* modes: 
* h-part:(L,W,R)=(56.9055pt, 483.69687pt, 56.9055pt)
* v-part:(T,H,B)=(56.9055pt, 731.23584pt, 56.9055pt)
* \paperwidth=597.50787pt
* \paperheight=845.04684pt
* \textwidth=483.69687pt
* \textheight=731.23584pt
* \oddsidemargin=-15.36449pt
* \evensidemargin=-15.36449pt
* \topmargin=-52.36449pt
* \headheight=12.0pt
* \headsep=25.0pt
* \topskip=11.0pt
* \footskip=30.0pt
* \marginparwidth=50.0pt
* \marginparsep=10.0pt
* \columnsep=10.0pt
* \skip\footins=10.0pt plus 4.0pt minus 2.0pt
* \hoffset=0.0pt
* \voffset=0.0pt
* \mag=1000
* \@twocolumnfalse
* \@twosidefalse
* \@mparswitchfalse
* \@reversemarginfalse
* (1in=72.27pt=25.4mm, 1cm=28.453pt)


(C:\Users\Gérard Montarou\AppData\Local\Programs\MiKTeX\tex/context/base/mkii\
supp-pdf.mkii
[Loading MPS to PDF converter (version 2006.09.02).]
\scratchcounter=\count389
\scratchdimen=\dimen349
\scratchbox=\box96
\nofMPsegments=\count390
\nofMParguments=\count391
\everyMPshowfont=\toks52
\MPscratchCnt=\count392
\MPscratchDim=\dimen350
\MPnumerator=\count393
\makeMPintoPDFobject=\count394
\everyMPtoPDFconversion=\toks53
)
(C:\Users\Gérard Montarou\AppData\Local\Programs\MiKTeX\tex/latex/epstopdf-pkg
\epstopdf-base.sty
Package: epstopdf-base 2020-01-24 v2.11 Base part for package epstopdf
Package epstopdf-base Info: Redefining graphics rule for `.eps' on input line 4
85.

(C:\Users\Gérard Montarou\AppData\Local\Programs\MiKTeX\tex/latex/00miktex\eps
topdf-sys.cfg
File: epstopdf-sys.cfg 2021/03/18 v2.0 Configuration of epstopdf for MiKTeX
))
(C:\Users\Gérard Montarou\AppData\Local\Programs\MiKTeX\tex/latex/translations
/dicts\translations-basic-dictionary-french.trsl
File: translations-basic-dictionary-french.trsl (french translation file `trans
lations-basic-dictionary')
)
Package translations Info: loading dictionary `translations-basic-dictionary' f
or `french'. on input line 110.
\c@lstlisting=\count395

(C:\Users\Gérard Montarou\AppData\Local\Programs\MiKTeX\tex/latex/base\inputen
c.sty
Package: inputenc 2024/02/08 v1.3d Input encoding file
\inpenc@prehook=\toks54
\inpenc@posthook=\toks55
)
Package pgfplots notification 'compat/show suggested version=true': you might b
enefit from \pgfplotsset{compat=1.18} (current compat level: 1.17).

Package caption Info: Begin \AtBeginDocument code.
Package caption Info: hyperref package is loaded.
Package caption Info: End \AtBeginDocument code.
Package hyperref Info: Link coloring ON on input line 110.
(Rapport HRS.out) (Rapport HRS.out)
\@outlinefile=\write5
\openout5 = `"Rapport HRS.out"'.

LaTeX Font Info:    Trying to load font information for OT1+lmr on input line 1
20.

(C:\Users\Gérard Montarou\AppData\Local\Programs\MiKTeX\tex/latex/lm\ot1lmr.fd
File: ot1lmr.fd 2015/05/01 v1.6.1 Font defs for Latin Modern
)
LaTeX Font Info:    Trying to load font information for OML+lmm on input line 1
20.

(C:\Users\Gérard Montarou\AppData\Local\Programs\MiKTeX\tex/latex/lm\omllmm.fd
File: omllmm.fd 2015/05/01 v1.6.1 Font defs for Latin Modern
)
LaTeX Font Info:    Trying to load font information for OMS+lmsy on input line 
120.

(C:\Users\Gérard Montarou\AppData\Local\Programs\MiKTeX\tex/latex/lm\omslmsy.f
d
File: omslmsy.fd 2015/05/01 v1.6.1 Font defs for Latin Modern
)
LaTeX Font Info:    Trying to load font information for OMX+lmex on input line 
120.

(C:\Users\Gérard Montarou\AppData\Local\Programs\MiKTeX\tex/latex/lm\omxlmex.f
d
File: omxlmex.fd 2015/05/01 v1.6.1 Font defs for Latin Modern
)
LaTeX Font Info:    External font `lmex10' loaded for size
(Font)              <12> on input line 120.
LaTeX Font Info:    External font `lmex10' loaded for size
(Font)              <8> on input line 120.
LaTeX Font Info:    External font `lmex10' loaded for size
(Font)              <6> on input line 120.
LaTeX Font Info:    Trying to load font information for U+msa on input line 120
.

(C:\Users\Gérard Montarou\AppData\Local\Programs\MiKTeX\tex/latex/amsfonts\ums
a.fd
File: umsa.fd 2013/01/14 v3.01 AMS symbols A
)
LaTeX Font Info:    Trying to load font information for U+msb on input line 120
.

(C:\Users\Gérard Montarou\AppData\Local\Programs\MiKTeX\tex/latex/amsfonts\ums
b.fd
File: umsb.fd 2013/01/14 v3.01 AMS symbols B
) [1

{C:/Users/Gérard Montarou/AppData/Local/MiKTeX/fonts/map/pdftex/pdftex.map}{C:
/Users/Gérard Montarou/AppData/Local/Programs/MiKTeX/fonts/enc/dvips/lm/lm-ec.
enc}] (Rapport HRS.toc
LaTeX Font Info:    External font `lmex10' loaded for size
(Font)              <10.95> on input line 3.
)
\tf@toc=\write6
\openout6 = `"Rapport HRS.toc"'.

 [2]
LaTeX Font Info:    External font `lmex10' loaded for size
(Font)              <9> on input line 137.
LaTeX Font Info:    External font `lmex10' loaded for size
(Font)              <5> on input line 137.
 [3{C:/Users/Gérard Montarou/AppData/Local/Programs/MiKTeX/fonts/enc/dvips/lm/
lm-mathit.enc}{C:/Users/Gérard Montarou/AppData/Local/Programs/MiKTeX/fonts/en
c/dvips/lm/lm-mathsy.enc}{C:/Users/Gérard Montarou/AppData/Local/Programs/MiKT
eX/fonts/enc/dvips/lm/lm-rm.enc}]
Underfull \hbox (badness 4291) in paragraph at lines 224--225
[]|\T1/lmr/m/n/10.95 Augmentation 2-4$\OMS/lmsy/m/n/10.95 ^^B$ \T1/lmr/m/n/10.9
5 de la phos-pho-ry-la-tion
 []


LaTeX Font Warning: Font shape `T1/lmr/bx/sc' undefined
(Font)              using `T1/lmr/bx/n' instead on input line 229.

[4]
LaTeX Font Info:    Trying to load font information for T1+lmtt on input line 2
96.

(C:\Users\Gérard Montarou\AppData\Local\Programs\MiKTeX\tex/latex/lm\t1lmtt.fd
File: t1lmtt.fd 2015/05/01 v1.6.1 Font defs for Latin Modern
) [5]

LaTeX Warning: Hyper reference `sec:resume11' on page 6 undefined on input line
 359.


LaTeX Warning: Hyper reference `sec:resume12' on page 6 undefined on input line
 365.

[6]

Package hyperref Warning: Token not allowed in a PDF string (Unicode):
(hyperref)                removing `\@ifnextchar' on input line 397.


Package hyperref Warning: Token not allowed in a PDF string (Unicode):
(hyperref)                removing `\@ifnextchar' on input line 397.

<Figures/Joiner_RadRes_1988.png, id=270, 601.64775pt x 421.575pt>
File: Figures/Joiner_RadRes_1988.png Graphic file (type png)
<use Figures/Joiner_RadRes_1988.png>
Package pdftex.def Info: Figures/Joiner_RadRes_1988.png  used on input line 409
.
(pdftex.def)             Requested size: 361.92052pt x 253.60307pt.

Package hyperref Warning: Token not allowed in a PDF string (Unicode):
(hyperref)                removing `\@ifnextchar' on input line 414.


Package hyperref Warning: Token not allowed in a PDF string (Unicode):
(hyperref)                removing `\@ifnextchar' on input line 414.

<Figures/Marples_RadRes_1993.png, id=272, 269.20575pt x 421.575pt>
File: Figures/Marples_RadRes_1993.png Graphic file (type png)
<use Figures/Marples_RadRes_1993.png>
Package pdftex.def Info: Figures/Marples_RadRes_1993.png  used on input line 42
6.
(pdftex.def)             Requested size: 226.19946pt x 354.2235pt.
[7 <./Figures/Joiner_RadRes_1988.png>]

Package hyperref Warning: Token not allowed in a PDF string (Unicode):
(hyperref)                removing `\@ifnextchar' on input line 432.


Package hyperref Warning: Token not allowed in a PDF string (Unicode):
(hyperref)                removing `\@ifnextchar' on input line 432.

[8 <./Figures/Marples_RadRes_1993.png>]

Package hyperref Warning: Token not allowed in a PDF string (Unicode):
(hyperref)                removing `\@ifnextchar' on input line 446.


Package hyperref Warning: Token not allowed in a PDF string (Unicode):
(hyperref)                removing `\@ifnextchar' on input line 446.


Package hyperref Warning: Token not allowed in a PDF string (Unicode):
(hyperref)                removing `\@ifnextchar' on input line 457.


Package hyperref Warning: Token not allowed in a PDF string (Unicode):
(hyperref)                removing `\@ifnextchar' on input line 457.

<Figures/Lambin_RadRes_1994.png, id=285, 258.9675pt x 374.5995pt>
File: Figures/Lambin_RadRes_1994.png Graphic file (type png)
<use Figures/Lambin_RadRes_1994.png>
Package pdftex.def Info: Figures/Lambin_RadRes_1994.png  used on input line 467
.
(pdftex.def)             Requested size: 226.19946pt x 327.2136pt.
[9]

Package hyperref Warning: Token not allowed in a PDF string (Unicode):
(hyperref)                removing `\@ifnextchar' on input line 471.


Package hyperref Warning: Token not allowed in a PDF string (Unicode):
(hyperref)                removing `\@ifnextchar' on input line 471.

<Figures/Wouters_RadRes_1994.png, id=291, 551.661pt x 254.1495pt>
File: Figures/Wouters_RadRes_1994.png Graphic file (type png)
<use Figures/Wouters_RadRes_1994.png>
Package pdftex.def Info: Figures/Wouters_RadRes_1994.png  used on input line 48
2.
(pdftex.def)             Requested size: 226.19946pt x 104.20972pt.
[10 <./Figures/Lambin_RadRes_1994.png>]

Package hyperref Warning: Token not allowed in a PDF string (Unicode):
(hyperref)                removing `\@ifnextchar' on input line 486.


Package hyperref Warning: Token not allowed in a PDF string (Unicode):
(hyperref)                removing `\@ifnextchar' on input line 486.


Package hyperref Warning: Token not allowed in a PDF string (Unicode):
(hyperref)                removing `\@ifnextchar' on input line 501.


Package hyperref Warning: Token not allowed in a PDF string (Unicode):
(hyperref)                removing `\@ifnextchar' on input line 501.

[11 <./Figures/Wouters_RadRes_1994.png>]

Package hyperref Warning: Token not allowed in a PDF string (Unicode):
(hyperref)                removing `\@ifnextchar' on input line 515.


Package hyperref Warning: Token not allowed in a PDF string (Unicode):
(hyperref)                removing `\@ifnextchar' on input line 515.


Package hyperref Warning: Token not allowed in a PDF string (Unicode):
(hyperref)                removing `\@ifnextchar' on input line 529.


Package hyperref Warning: Token not allowed in a PDF string (Unicode):
(hyperref)                removing `\@ifnextchar' on input line 529.

[12] Excluding 'comment' comment.

LaTeX Warning: Reference `GrindEQ__2_' on page 13 undefined on input line 614.

[13] (Rapport HRS.aux)
 ***********
LaTeX2e <2025-11-01>
L3 programming layer <2025-11-06>
 ***********


LaTeX Font Warning: Some font shapes were not available, defaults substituted.


LaTeX Warning: There were undefined references.

Package rerunfilecheck Info: File `"Rapport HRS".out' has not changed.
(rerunfilecheck)             Checksum: 7DE7249589C11351F721B7CD6C6B88E2;7845.
 ) 
Here is how much of TeX's memory you used:
 46653 strings out of 467871
 1129715 string characters out of 5413016
 1622821 words of memory out of 5000000
 74758 multiletter control sequences out of 15000+600000
 719618 words of font info for 107 fonts, out of 8000000 for 9000
 1141 hyphenation exceptions out of 8191
 98i,11n,108p,2441b,1237s stack positions out of 10000i,1000n,20000p,200000b,200000s
<C:/Users/Gérard Montarou/AppData/Local/Programs/MiKTeX/fonts/type1/public/l
m/lmbx10.pfb><C:/Users/Gérard Montarou/AppData/Local/Programs/MiKTeX/fonts/typ
e1/public/lm/lmbx12.pfb><C:/Users/Gérard Montarou/AppData/Local/Programs/MiKTe
X/fonts/type1/public/lm/lmbx9.pfb><C:/Users/Gérard Montarou/AppData/Local/Prog
rams/MiKTeX/fonts/type1/public/lm/lmbxi10.pfb><C:/Users/Gérard Montarou/AppDat
a/Local/Programs/MiKTeX/fonts/type1/public/lm/lmmi10.pfb><C:/Users/Gérard Mont
arou/AppData/Local/Programs/MiKTeX/fonts/type1/public/lm/lmmi6.pfb><C:/Users/G
rard Montarou/AppData/Local/Programs/MiKTeX/fonts/type1/public/lm/lmmi9.pfb><C
:/Users/Gérard Montarou/AppData/Local/Programs/MiKTeX/fonts/type1/public/lm/lm
mib10.pfb><C:/Users/Gérard Montarou/AppData/Local/Programs/MiKTeX/fonts/type1/
public/lm/lmr10.pfb><C:/Users/Gérard Montarou/AppData/Local/Programs/MiKTeX/fo
nts/type1/public/lm/lmr12.pfb><C:/Users/Gérard Montarou/AppData/Local/Programs
/MiKTeX/fonts/type1/public/lm/lmr6.pfb><C:/Users/Gérard Montarou/AppData/Local
/Programs/MiKTeX/fonts/type1/public/lm/lmr8.pfb><C:/Users/Gérard Montarou/AppD
ata/Local/Programs/MiKTeX/fonts/type1/public/lm/lmr9.pfb><C:/Users/Gérard Mont
arou/AppData/Local/Programs/MiKTeX/fonts/type1/public/lm/lmri9.pfb><C:/Users/G
rard Montarou/AppData/Local/Programs/MiKTeX/fonts/type1/public/lm/lmsy10.pfb><
C:/Users/Gérard Montarou/AppData/Local/Programs/MiKTeX/fonts/type1/public/lm/l
msy6.pfb><C:/Users/Gérard Montarou/AppData/Local/Programs/MiKTeX/fonts/type1/p
ublic/lm/lmsy9.pfb><C:/Users/Gérard Montarou/AppData/Local/Programs/MiKTeX/fon
ts/type1/public/lm/lmtt8.pfb><C:/Users/Gérard Montarou/AppData/Local/Programs/
MiKTeX/fonts/type1/public/lm/lmtt9.pfb>
Output written on "Rapport HRS.pdf" (13 pages, 914468 bytes).
PDF statistics:
 411 PDF objects out of 1000 (max. 8388607)
 63 named destinations out of 1000 (max. 500000)
 401 words of extra memory for PDF output out of 10000 (max. 10000000)

